<?xml version="1.0" encoding="UTF-8"?>
<!-- Generated by org.testng.reporters.JUnitXMLReporter -->
<testsuite hostname="HOME-PC" ignored="0" name="Default test" tests="7" failures="0" timestamp="05 Oct 2017 17:54:35 GMT" time="0.093" errors="0">
  <testcase name="test1" time="0.01" classname="TestNG.TestNG"/>
  <testcase name="test2" time="0.002" classname="TestNG.TestNG"/>
  <testcase name="test3" time="0.002" classname="TestNG.TestNG"/>
  <testcase name="test4" time="0.002" classname="TestNG.TestNG"/>
  <testcase name="test5" time="0.001" classname="TestNG.TestNG"/>
  <testcase name="test6" time="0.002" classname="TestNG.TestNG"/>
  <testcase name="test7" time="0.004" classname="TestNG.TestNG"/>
</testsuite> <!-- Default test -->
