<?xml version="1.0" encoding="UTF-8"?>
<!-- Generated by org.testng.reporters.JUnitXMLReporter -->
<testsuite hostname="KIHYDD1131" name="Test13" tests="1" failures="1" timestamp="4 Aug 2016 22:40:42 GMT" time="1075.582" errors="0">
  <testcase name="testcase01" time="1072.478" classname="testScripts.SA_Scenario13_DR20">
    <failure type="baseClasses.AutomationException">
      <![CDATA[baseClasses.AutomationException
	at testScripts.SA_Scenario13_DR20.translationsEdit(SA_Scenario13_DR20.java:596)
	at testScripts.SA_Scenario13_DR20.testcase01(SA_Scenario13_DR20.java:659)
... Removed 24 stack frames]]>
    </failure>
  </testcase> <!-- testcase01 -->
</testsuite> <!-- Test13 -->
