<?xml version="1.0" encoding="UTF-8"?>
<!-- Generated by org.testng.reporters.JUnitXMLReporter -->
<testsuite hostname="KIHYDD1131" name="Test14" tests="1" failures="1" timestamp="4 Aug 2016 22:46:59 GMT" time="377.039" errors="0">
  <testcase name="testcase01" time="373.988" classname="testScripts.SA_Scenario14_DR21">
    <failure type="baseClasses.AutomationException">
      <![CDATA[baseClasses.AutomationException
	at testScripts.SA_Scenario14_DR21.verifyscreenerEditInfo(SA_Scenario14_DR21.java:311)
	at testScripts.SA_Scenario14_DR21.testcase01(SA_Scenario14_DR21.java:603)
... Removed 24 stack frames]]>
    </failure>
  </testcase> <!-- testcase01 -->
</testsuite> <!-- Test14 -->
