<?xml version="1.0" encoding="UTF-8"?>
<!-- Generated by org.testng.reporters.JUnitXMLReporter -->
<testsuite hostname="KIHYDD1131" name="Test8" tests="1" failures="1" timestamp="5 Aug 2016 10:12:32 GMT" time="444.869" errors="0">
  <testcase name="testcase01" time="441.81" classname="testScripts.SA_Scenario8_DR15">
    <failure type="baseClasses.AutomationException">
      <![CDATA[baseClasses.AutomationException
	at testScripts.SA_Scenario8_DR15.verifyscreenerEditInfo(SA_Scenario8_DR15.java:382)
	at testScripts.SA_Scenario8_DR15.testcase01(SA_Scenario8_DR15.java:758)
... Removed 24 stack frames]]>
    </failure>
  </testcase> <!-- testcase01 -->
</testsuite> <!-- Test8 -->
