<?xml version="1.0" encoding="UTF-8"?>
<!-- Generated by org.testng.reporters.JUnitXMLReporter -->
<testsuite hostname="KIHYDD1131" name="Test9" tests="1" failures="1" timestamp="4 Aug 2016 21:52:00 GMT" time="1248.537" errors="0">
  <testcase name="testcase01" time="1245.446" classname="testScripts.SA_Scenario9_DR16">
    <failure type="baseClasses.AutomationException">
      <![CDATA[baseClasses.AutomationException
	at testScripts.SA_Scenario9_DR16.verifyscreenerEditInfo(SA_Scenario9_DR16.java:499)
	at testScripts.SA_Scenario9_DR16.testcase01(SA_Scenario9_DR16.java:855)
... Removed 24 stack frames]]>
    </failure>
  </testcase> <!-- testcase01 -->
</testsuite> <!-- Test9 -->
