<?xml version="1.0" encoding="UTF-8"?>
<!-- Generated by org.testng.reporters.JUnitXMLReporter -->
<testsuite hostname="KIHYDD1131" name="Test10" tests="1" failures="1" timestamp="4 Aug 2016 21:55:38 GMT" time="217.844" errors="0">
  <testcase name="testcase01" time="214.809" classname="testScripts.SA_Scenario10_DR17">
    <failure type="baseClasses.AutomationException">
      <![CDATA[baseClasses.AutomationException
	at testScripts.SA_Scenario10_DR17.verifySA(SA_Scenario10_DR17.java:176)
	at testScripts.SA_Scenario10_DR17.testcase01(SA_Scenario10_DR17.java:807)
... Removed 24 stack frames]]>
    </failure>
  </testcase> <!-- testcase01 -->
</testsuite> <!-- Test10 -->
