<?xml version="1.0" encoding="UTF-8"?>
<!-- Generated by org.testng.reporters.JUnitXMLReporter -->
<testsuite hostname="KIHYDD1131" name="Test7" tests="1" failures="1" timestamp="5 Aug 2016 10:05:07 GMT" time="3720.966" errors="0">
  <testcase name="testcase01" time="3717.835" classname="testScripts.SA_Scenario7_DR14">
    <failure type="baseClasses.AutomationException">
      <![CDATA[baseClasses.AutomationException
	at testScripts.SA_Scenario7_DR14.translationsEdit(SA_Scenario7_DR14.java:883)
	at testScripts.SA_Scenario7_DR14.testcase01(SA_Scenario7_DR14.java:951)
... Removed 24 stack frames]]>
    </failure>
  </testcase> <!-- testcase01 -->
</testsuite> <!-- Test7 -->
