<?xml version="1.0" encoding="UTF-8"?>
<!-- Generated by org.testng.reporters.JUnitXMLReporter -->
<testsuite hostname="KIHYDD1131" name="Test6" tests="1" failures="1" timestamp="5 Aug 2016 09:03:06 GMT" time="1355.45" errors="0">
  <testcase name="testcase01" time="1352.321" classname="testScripts.SA_Scenario6_DR13">
    <failure type="baseClasses.AutomationException">
      <![CDATA[baseClasses.AutomationException
	at testScripts.SA_Scenario6_DR13.webformCallToActionEdit(SA_Scenario6_DR13.java:556)
	at testScripts.SA_Scenario6_DR13.testcase01(SA_Scenario6_DR13.java:865)
... Removed 24 stack frames]]>
    </failure>
  </testcase> <!-- testcase01 -->
</testsuite> <!-- Test6 -->
