<?xml version="1.0" encoding="UTF-8"?>
<testng-results skipped="0" failed="0" ignored="0" total="1" passed="1">
  <reporter-output>
  </reporter-output>
  <suite name="Default suite" duration-ms="47" started-at="2017-10-12T21:23:44Z" finished-at="2017-10-12T21:23:44Z">
    <groups>
    </groups>
    <test name="Default test" duration-ms="47" started-at="2017-10-12T21:23:44Z" finished-at="2017-10-12T21:23:44Z">
      <class name="com.fb.BaseClass.BaseClass">
        <test-method status="PASS" signature="launchBrowser()[pri:0, instance:com.fb.BaseClass.BaseClass@39f31e]" name="launchBrowser" is-config="true" duration-ms="16" started-at="2017-10-13T02:53:44Z" finished-at="2017-10-13T02:53:44Z">
          <reporter-output>
          </reporter-output>
        </test-method> <!-- launchBrowser -->
        <test-method status="PASS" signature="click()[pri:0, instance:com.fb.BaseClass.BaseClass@39f31e]" name="click" duration-ms="16" started-at="2017-10-13T02:53:44Z" finished-at="2017-10-13T02:53:44Z">
          <reporter-output>
          </reporter-output>
        </test-method> <!-- click -->
        <test-method status="PASS" signature="ExcelResults()[pri:0, instance:com.fb.BaseClass.BaseClass@39f31e]" name="ExcelResults" is-config="true" duration-ms="9394" started-at="2017-10-13T02:53:45Z" finished-at="2017-10-13T02:53:54Z">
          <reporter-output>
          </reporter-output>
        </test-method> <!-- ExcelResults -->
      </class> <!-- com.fb.BaseClass.BaseClass -->
    </test> <!-- Default test -->
  </suite> <!-- Default suite -->
</testng-results>
