<?xml version="1.0" encoding="UTF-8"?>
<!-- Generated by org.testng.reporters.JUnitXMLReporter -->
<testsuite hostname="HOME-PC" ignored="4" name="TestNG Tests" tests="11" failures="0" timestamp="06 Oct 2017 17:36:45 GMT" time="0.163" errors="0">
  <testcase name="test1" time="0.023" classname="TestNG.TestNG"/>
  <testcase name="test2" time="0.003" classname="TestNG.TestNG"/>
  <testcase name="test3" time="0.006" classname="TestNG.TestNG"/>
  <testcase name="test4" time="0.004" classname="TestNG.TestNG"/>
  <testcase name="test5" time="0.002" classname="TestNG.TestNG"/>
  <testcase name="test6" time="0.003" classname="TestNG.TestNG"/>
  <testcase name="test7" time="0.002" classname="TestNG.TestNG"/>
  <testcase name="test4" time="0.005" classname="TestNG.TestNG1"/>
  <testcase name="test5" time="0.005" classname="TestNG.TestNG1"/>
  <testcase name="test6" time="0.002" classname="TestNG.TestNG1"/>
  <testcase name="test7" time="0.004" classname="TestNG.TestNG1"/>
  <testcase name="test2" time="0.0" classname="TestNG.TestNG1">
    <ignored/>
  </testcase> <!-- test2 -->
  <testcase name="test3" time="0.0" classname="TestNG.TestNG1">
    <ignored/>
  </testcase> <!-- test3 -->
  <testcase name="test1" time="0.0" classname="TestNG.TestNG1">
    <ignored/>
  </testcase> <!-- test1 -->
  <testcase name="first" time="0.0" classname="TestNG.TestNG1">
    <ignored/>
  </testcase> <!-- first -->
</testsuite> <!-- TestNG Tests -->
