<?xml version="1.0" encoding="UTF-8"?>
<!-- Generated by org.testng.reporters.JUnitXMLReporter -->
<testsuite hostname="DESKTOP-2D2NBNQ" ignored="4" name="TestNG Tests" tests="11" failures="0" timestamp="05 Jan 2019 07:01:48 GMT" time="0.156" errors="0">
  <testcase name="test1" time="0.015" classname="TestNG.TestNG"/>
  <testcase name="test2" time="0.016" classname="TestNG.TestNG"/>
  <testcase name="test3" time="0.0" classname="TestNG.TestNG"/>
  <testcase name="test4" time="0.0" classname="TestNG.TestNG"/>
  <testcase name="test5" time="0.0" classname="TestNG.TestNG"/>
  <testcase name="test6" time="0.015" classname="TestNG.TestNG"/>
  <testcase name="test7" time="0.0" classname="TestNG.TestNG"/>
  <testcase name="test4" time="0.015" classname="TestNG.TestNG1"/>
  <testcase name="test5" time="0.0" classname="TestNG.TestNG1"/>
  <testcase name="test6" time="0.0" classname="TestNG.TestNG1"/>
  <testcase name="test7" time="0.0" classname="TestNG.TestNG1"/>
  <testcase name="test2" time="0.0" classname="TestNG.TestNG1">
    <ignored/>
  </testcase> <!-- test2 -->
  <testcase name="test3" time="0.0" classname="TestNG.TestNG1">
    <ignored/>
  </testcase> <!-- test3 -->
  <testcase name="test1" time="0.0" classname="TestNG.TestNG1">
    <ignored/>
  </testcase> <!-- test1 -->
  <testcase name="first" time="0.0" classname="TestNG.TestNG1">
    <ignored/>
  </testcase> <!-- first -->
</testsuite> <!-- TestNG Tests -->
