<?xml version="1.0" encoding="UTF-8"?>
<!-- Generated by org.testng.reporters.JUnitXMLReporter -->
<testsuite hostname="HOME-PC" ignored="0" name="Test" tests="15" failures="0" timestamp="06 Oct 2017 17:21:30 GMT" time="0.324" errors="0">
  <testcase name="test1" time="0.012" classname="TestNG.TestNG"/>
  <testcase name="test2" time="0.005" classname="TestNG.TestNG"/>
  <testcase name="test3" time="0.003" classname="TestNG.TestNG"/>
  <testcase name="test4" time="0.007" classname="TestNG.TestNG"/>
  <testcase name="test5" time="0.002" classname="TestNG.TestNG"/>
  <testcase name="test6" time="0.005" classname="TestNG.TestNG"/>
  <testcase name="test7" time="0.04" classname="TestNG.TestNG"/>
  <testcase name="first" time="0.002" classname="TestNG.TestNG1"/>
  <testcase name="test1" time="0.006" classname="TestNG.TestNG1"/>
  <testcase name="test2" time="0.002" classname="TestNG.TestNG1"/>
  <testcase name="test3" time="0.005" classname="TestNG.TestNG1"/>
  <testcase name="test4" time="0.003" classname="TestNG.TestNG1"/>
  <testcase name="test5" time="0.001" classname="TestNG.TestNG1"/>
  <testcase name="test6" time="0.005" classname="TestNG.TestNG1"/>
  <testcase name="test7" time="0.003" classname="TestNG.TestNG1"/>
</testsuite> <!-- Test -->
