<?xml version="1.0" encoding="UTF-8"?>
<testng-results skipped="0" failed="0" total="1" passed="1">
  <reporter-output>
  </reporter-output>
  <suite name="Suite" duration-ms="88692" started-at="2017-10-12T20:01:19Z" finished-at="2017-10-12T20:02:48Z">
    <groups>
    </groups>
    <test name="Test" duration-ms="88692" started-at="2017-10-12T20:01:19Z" finished-at="2017-10-12T20:02:48Z">
      <class name="com.intake.testscripts.intakeLogin">
        <test-method status="PASS" signature="setUpSuiteDetails(org.testng.ITestContext)[pri:0, instance:com.intake.testscripts.intakeLogin@149cea0]" name="setUpSuiteDetails" is-config="true" duration-ms="334" started-at="2017-10-13T01:31:19Z" finished-at="2017-10-13T01:31:19Z">
          <params>
            <param index="0">
              <value>
                <![CDATA[org.testng.TestRunner@2fc448]]>
              </value>
            </param>
          </params>
          <reporter-output>
          </reporter-output>
        </test-method> <!-- setUpSuiteDetails -->
        <test-method status="PASS" signature="BeforeClass()[pri:0, instance:com.intake.testscripts.intakeLogin@149cea0]" name="BeforeClass" is-config="true" duration-ms="3048" started-at="2017-10-13T01:31:19Z" finished-at="2017-10-13T01:31:22Z">
          <reporter-output>
          </reporter-output>
        </test-method> <!-- BeforeClass -->
        <test-method status="PASS" signature="captureDesc(java.lang.reflect.Method)[pri:0, instance:com.intake.testscripts.intakeLogin@149cea0]" name="captureDesc" is-config="true" duration-ms="0" started-at="2017-10-13T01:31:22Z" finished-at="2017-10-13T01:31:22Z">
          <params>
            <param index="0">
              <value>
                <![CDATA[public void com.intake.testscripts.intakeLogin.login(java.lang.String) throws java.lang.Throwable]]>
              </value>
            </param>
          </params>
          <reporter-output>
          </reporter-output>
        </test-method> <!-- captureDesc -->
        <test-method status="PASS" signature="login(java.lang.String)[pri:0, instance:com.intake.testscripts.intakeLogin@149cea0]" name="login" duration-ms="77525" started-at="2017-10-13T01:31:22Z" description="Scenario:1-IntakePlatform Login" finished-at="2017-10-13T01:32:40Z">
          <params>
            <param index="0">
              <value>
                <![CDATA[1]]>
              </value>
            </param>
          </params>
          <reporter-output>
          </reporter-output>
        </test-method> <!-- login -->
        <test-method status="PASS" signature="afterClass()[pri:0, instance:com.intake.testscripts.intakeLogin@149cea0]" name="afterClass" is-config="true" duration-ms="8075" started-at="2017-10-13T01:32:40Z" finished-at="2017-10-13T01:32:48Z">
          <reporter-output>
          </reporter-output>
        </test-method> <!-- afterClass -->
        <test-method status="PASS" signature="afterSuite()[pri:0, instance:com.intake.testscripts.intakeLogin@149cea0]" name="afterSuite" is-config="true" duration-ms="82" started-at="2017-10-13T01:32:48Z" finished-at="2017-10-13T01:32:48Z">
          <reporter-output>
          </reporter-output>
        </test-method> <!-- afterSuite -->
      </class> <!-- com.intake.testscripts.intakeLogin -->
    </test> <!-- Test -->
  </suite> <!-- Suite -->
</testng-results>
